<testsuites id="" name="" tests="292" failures="292" skipped="0" errors="0" time="98.12102499999999">
<testsuite name="download-flow.spec.ts" timestamp="2026-02-13T05:05:23.901Z" hostname="chromium" tests="10" failures="10" skipped="0" time="0.039" errors="0">
<testcase name="Download Flow - User Interaction › should accept valid XHS URL input" classname="download-flow.spec.ts" time="0.002">
<failure message="download-flow.spec.ts:9:7 should accept valid XHS URL input" type="FAILURE">
<![CDATA[  [chromium] › download-flow.spec.ts:9:7 › Download Flow - User Interaction › should accept valid XHS URL input 

    Error: browserType.launch: Executable doesn't exist at C:\Users\kin16\AppData\Local\ms-playwright\chromium_headless_shell-1208\chrome-headless-shell-win64\chrome-headless-shell.exe
    ╔═════════════════════════════════════════════════════════════════════════╗
    ║ Looks like Playwright Test or Playwright was just installed or updated. ║
    ║ Please run the following command to download new browsers:              ║
    ║                                                                         ║
    ║     npx playwright install                                              ║
    ║                                                                         ║
    ║ <3 Playwright Team                                                      ║
    ╚═════════════════════════════════════════════════════════════════════════╝
]]>
</failure>
</testcase>
<testcase name="Download Flow - User Interaction › should show error for empty URL submission" classname="download-flow.spec.ts" time="0.003">
<failure message="download-flow.spec.ts:20:7 should show error for empty URL submission" type="FAILURE">
<![CDATA[  [chromium] › download-flow.spec.ts:20:7 › Download Flow - User Interaction › should show error for empty URL submission 

    Error: browserType.launch: Executable doesn't exist at C:\Users\kin16\AppData\Local\ms-playwright\chromium_headless_shell-1208\chrome-headless-shell-win64\chrome-headless-shell.exe
    ╔═════════════════════════════════════════════════════════════════════════╗
    ║ Looks like Playwright Test or Playwright was just installed or updated. ║
    ║ Please run the following command to download new browsers:              ║
    ║                                                                         ║
    ║     npx playwright install                                              ║
    ║                                                                         ║
    ║ <3 Playwright Team                                                      ║
    ╚═════════════════════════════════════════════════════════════════════════╝
]]>
</failure>
</testcase>
<testcase name="Download Flow - User Interaction › should enable download button when URL is entered" classname="download-flow.spec.ts" time="0.003">
<failure message="download-flow.spec.ts:28:7 should enable download button when URL is entered" type="FAILURE">
<![CDATA[  [chromium] › download-flow.spec.ts:28:7 › Download Flow - User Interaction › should enable download button when URL is entered 

    Error: browserType.launch: Executable doesn't exist at C:\Users\kin16\AppData\Local\ms-playwright\chromium_headless_shell-1208\chrome-headless-shell-win64\chrome-headless-shell.exe
    ╔═════════════════════════════════════════════════════════════════════════╗
    ║ Looks like Playwright Test or Playwright was just installed or updated. ║
    ║ Please run the following command to download new browsers:              ║
    ║                                                                         ║
    ║     npx playwright install                                              ║
    ║                                                                         ║
    ║ <3 Playwright Team                                                      ║
    ╚═════════════════════════════════════════════════════════════════════════╝
]]>
</failure>
</testcase>
<testcase name="Download Flow - User Interaction › should handle Enter key to submit download" classname="download-flow.spec.ts" time="0.002">
<failure message="download-flow.spec.ts:42:7 should handle Enter key to submit download" type="FAILURE">
<![CDATA[  [chromium] › download-flow.spec.ts:42:7 › Download Flow - User Interaction › should handle Enter key to submit download 

    Error: browserType.launch: Executable doesn't exist at C:\Users\kin16\AppData\Local\ms-playwright\chromium_headless_shell-1208\chrome-headless-shell-win64\chrome-headless-shell.exe
    ╔═════════════════════════════════════════════════════════════════════════╗
    ║ Looks like Playwright Test or Playwright was just installed or updated. ║
    ║ Please run the following command to download new browsers:              ║
    ║                                                                         ║
    ║     npx playwright install                                              ║
    ║                                                                         ║
    ║ <3 Playwright Team                                                      ║
    ╚═════════════════════════════════════════════════════════════════════════╝
]]>
</failure>
</testcase>
<testcase name="Download Flow - User Interaction › should display both download and transcript buttons" classname="download-flow.spec.ts" time="0.005">
<failure message="download-flow.spec.ts:57:7 should display both download and transcript buttons" type="FAILURE">
<![CDATA[  [chromium] › download-flow.spec.ts:57:7 › Download Flow - User Interaction › should display both download and transcript buttons 

    Error: browserType.launch: Executable doesn't exist at C:\Users\kin16\AppData\Local\ms-playwright\chromium_headless_shell-1208\chrome-headless-shell-win64\chrome-headless-shell.exe
    ╔═════════════════════════════════════════════════════════════════════════╗
    ║ Looks like Playwright Test or Playwright was just installed or updated. ║
    ║ Please run the following command to download new browsers:              ║
    ║                                                                         ║
    ║     npx playwright install                                              ║
    ║                                                                         ║
    ║ <3 Playwright Team                                                      ║
    ╚═════════════════════════════════════════════════════════════════════════╝
]]>
</failure>
</testcase>
<testcase name="Download Flow - User Interaction › should show loading state during processing" classname="download-flow.spec.ts" time="0.004">
<failure message="download-flow.spec.ts:65:7 should show loading state during processing" type="FAILURE">
<![CDATA[  [chromium] › download-flow.spec.ts:65:7 › Download Flow - User Interaction › should show loading state during processing 

    Error: browserType.launch: Executable doesn't exist at C:\Users\kin16\AppData\Local\ms-playwright\chromium_headless_shell-1208\chrome-headless-shell-win64\chrome-headless-shell.exe
    ╔═════════════════════════════════════════════════════════════════════════╗
    ║ Looks like Playwright Test or Playwright was just installed or updated. ║
    ║ Please run the following command to download new browsers:              ║
    ║                                                                         ║
    ║     npx playwright install                                              ║
    ║                                                                         ║
    ║ <3 Playwright Team                                                      ║
    ╚═════════════════════════════════════════════════════════════════════════╝
]]>
</failure>
</testcase>
<testcase name="Download Flow - User Interaction › should not block interaction with ads during download" classname="download-flow.spec.ts" time="0.006">
<failure message="download-flow.spec.ts:80:7 should not block interaction with ads during download" type="FAILURE">
<![CDATA[  [chromium] › download-flow.spec.ts:80:7 › Download Flow - User Interaction › should not block interaction with ads during download 

    Error: browserType.launch: Executable doesn't exist at C:\Users\kin16\AppData\Local\ms-playwright\chromium_headless_shell-1208\chrome-headless-shell-win64\chrome-headless-shell.exe
    ╔═════════════════════════════════════════════════════════════════════════╗
    ║ Looks like Playwright Test or Playwright was just installed or updated. ║
    ║ Please run the following command to download new browsers:              ║
    ║                                                                         ║
    ║     npx playwright install                                              ║
    ║                                                                         ║
    ║ <3 Playwright Team                                                      ║
    ╚═════════════════════════════════════════════════════════════════════════╝
]]>
</failure>
</testcase>
<testcase name="Download Flow - User Interaction › should clear error message when new URL is entered" classname="download-flow.spec.ts" time="0.004">
<failure message="download-flow.spec.ts:98:7 should clear error message when new URL is entered" type="FAILURE">
<![CDATA[  [chromium] › download-flow.spec.ts:98:7 › Download Flow - User Interaction › should clear error message when new URL is entered 

    Error: browserType.launch: Executable doesn't exist at C:\Users\kin16\AppData\Local\ms-playwright\chromium_headless_shell-1208\chrome-headless-shell-win64\chrome-headless-shell.exe
    ╔═════════════════════════════════════════════════════════════════════════╗
    ║ Looks like Playwright Test or Playwright was just installed or updated. ║
    ║ Please run the following command to download new browsers:              ║
    ║                                                                         ║
    ║     npx playwright install                                              ║
    ║                                                                         ║
    ║ <3 Playwright Team                                                      ║
    ╚═════════════════════════════════════════════════════════════════════════╝
]]>
</failure>
</testcase>
<testcase name="Download Flow - User Interaction › should handle API errors gracefully" classname="download-flow.spec.ts" time="0.005">
<failure message="download-flow.spec.ts:116:7 should handle API errors gracefully" type="FAILURE">
<![CDATA[  [chromium] › download-flow.spec.ts:116:7 › Download Flow - User Interaction › should handle API errors gracefully 

    Error: browserType.launch: Executable doesn't exist at C:\Users\kin16\AppData\Local\ms-playwright\chromium_headless_shell-1208\chrome-headless-shell-win64\chrome-headless-shell.exe
    ╔═════════════════════════════════════════════════════════════════════════╗
    ║ Looks like Playwright Test or Playwright was just installed or updated. ║
    ║ Please run the following command to download new browsers:              ║
    ║                                                                         ║
    ║     npx playwright install                                              ║
    ║                                                                         ║
    ║ <3 Playwright Team                                                      ║
    ╚═════════════════════════════════════════════════════════════════════════╝
]]>
</failure>
</testcase>
<testcase name="Download Flow - User Interaction › should verify ads do not interfere with download button" classname="download-flow.spec.ts" time="0.005">
<failure message="download-flow.spec.ts:133:7 should verify ads do not interfere with download button" type="FAILURE">
<![CDATA[  [chromium] › download-flow.spec.ts:133:7 › Download Flow - User Interaction › should verify ads do not interfere with download button 

    Error: browserType.launch: Executable doesn't exist at C:\Users\kin16\AppData\Local\ms-playwright\chromium_headless_shell-1208\chrome-headless-shell-win64\chrome-headless-shell.exe
    ╔═════════════════════════════════════════════════════════════════════════╗
    ║ Looks like Playwright Test or Playwright was just installed or updated. ║
    ║ Please run the following command to download new browsers:              ║
    ║                                                                         ║
    ║     npx playwright install                                              ║
    ║                                                                         ║
    ║ <3 Playwright Team                                                      ║
    ╚═════════════════════════════════════════════════════════════════════════╝
]]>
</failure>
</testcase>
</testsuite>
<testsuite name="edge-cases.spec.ts" timestamp="2026-02-13T05:05:23.901Z" hostname="chromium" tests="15" failures="15" skipped="0" time="0.048" errors="0">
<testcase name="Edge Cases - Ad Failures &amp; Missing Configuration › should handle missing AdSense publisher ID" classname="edge-cases.spec.ts" time="0.003">
<failure message="edge-cases.spec.ts:4:7 should handle missing AdSense publisher ID" type="FAILURE">
<![CDATA[  [chromium] › edge-cases.spec.ts:4:7 › Edge Cases - Ad Failures & Missing Configuration › should handle missing AdSense publisher ID 

    Error: browserType.launch: Executable doesn't exist at C:\Users\kin16\AppData\Local\ms-playwright\chromium_headless_shell-1208\chrome-headless-shell-win64\chrome-headless-shell.exe
    ╔═════════════════════════════════════════════════════════════════════════╗
    ║ Looks like Playwright Test or Playwright was just installed or updated. ║
    ║ Please run the following command to download new browsers:              ║
    ║                                                                         ║
    ║     npx playwright install                                              ║
    ║                                                                         ║
    ║ <3 Playwright Team                                                      ║
    ╚═════════════════════════════════════════════════════════════════════════╝
]]>
</failure>
</testcase>
<testcase name="Edge Cases - Ad Failures &amp; Missing Configuration › should handle AdSense script timeout" classname="edge-cases.spec.ts" time="0.003">
<failure message="edge-cases.spec.ts:25:7 should handle AdSense script timeout" type="FAILURE">
<![CDATA[  [chromium] › edge-cases.spec.ts:25:7 › Edge Cases - Ad Failures & Missing Configuration › should handle AdSense script timeout 

    Error: browserType.launch: Executable doesn't exist at C:\Users\kin16\AppData\Local\ms-playwright\chromium_headless_shell-1208\chrome-headless-shell-win64\chrome-headless-shell.exe
    ╔═════════════════════════════════════════════════════════════════════════╗
    ║ Looks like Playwright Test or Playwright was just installed or updated. ║
    ║ Please run the following command to download new browsers:              ║
    ║                                                                         ║
    ║     npx playwright install                                              ║
    ║                                                                         ║
    ║ <3 Playwright Team                                                      ║
    ╚═════════════════════════════════════════════════════════════════════════╝
]]>
</failure>
</testcase>
<testcase name="Edge Cases - Ad Failures &amp; Missing Configuration › should handle missing affiliate configuration" classname="edge-cases.spec.ts" time="0.004">
<failure message="edge-cases.spec.ts:43:7 should handle missing affiliate configuration" type="FAILURE">
<![CDATA[  [chromium] › edge-cases.spec.ts:43:7 › Edge Cases - Ad Failures & Missing Configuration › should handle missing affiliate configuration 

    Error: browserType.launch: Executable doesn't exist at C:\Users\kin16\AppData\Local\ms-playwright\chromium_headless_shell-1208\chrome-headless-shell-win64\chrome-headless-shell.exe
    ╔═════════════════════════════════════════════════════════════════════════╗
    ║ Looks like Playwright Test or Playwright was just installed or updated. ║
    ║ Please run the following command to download new browsers:              ║
    ║                                                                         ║
    ║     npx playwright install                                              ║
    ║                                                                         ║
    ║ <3 Playwright Team                                                      ║
    ╚═════════════════════════════════════════════════════════════════════════╝
]]>
</failure>
</testcase>
<testcase name="Edge Cases - Ad Failures &amp; Missing Configuration › should handle gtag not available" classname="edge-cases.spec.ts" time="0.004">
<failure message="edge-cases.spec.ts:60:7 should handle gtag not available" type="FAILURE">
<![CDATA[  [chromium] › edge-cases.spec.ts:60:7 › Edge Cases - Ad Failures & Missing Configuration › should handle gtag not available 

    Error: browserType.launch: Executable doesn't exist at C:\Users\kin16\AppData\Local\ms-playwright\chromium_headless_shell-1208\chrome-headless-shell-win64\chrome-headless-shell.exe
    ╔═════════════════════════════════════════════════════════════════════════╗
    ║ Looks like Playwright Test or Playwright was just installed or updated. ║
    ║ Please run the following command to download new browsers:              ║
    ║                                                                         ║
    ║     npx playwright install                                              ║
    ║                                                                         ║
    ║ <3 Playwright Team                                                      ║
    ╚═════════════════════════════════════════════════════════════════════════╝
]]>
</failure>
</testcase>
<testcase name="Edge Cases - Ad Failures &amp; Missing Configuration › should handle ad container rendering errors" classname="edge-cases.spec.ts" time="0.005">
<failure message="edge-cases.spec.ts:73:7 should handle ad container rendering errors" type="FAILURE">
<![CDATA[  [chromium] › edge-cases.spec.ts:73:7 › Edge Cases - Ad Failures & Missing Configuration › should handle ad container rendering errors 

    Error: browserType.launch: Executable doesn't exist at C:\Users\kin16\AppData\Local\ms-playwright\chromium_headless_shell-1208\chrome-headless-shell-win64\chrome-headless-shell.exe
    ╔═════════════════════════════════════════════════════════════════════════╗
    ║ Looks like Playwright Test or Playwright was just installed or updated. ║
    ║ Please run the following command to download new browsers:              ║
    ║                                                                         ║
    ║     npx playwright install                                              ║
    ║                                                                         ║
    ║ <3 Playwright Team                                                      ║
    ╚═════════════════════════════════════════════════════════════════════════╝
]]>
</failure>
</testcase>
<testcase name="Edge Cases - Ad Failures &amp; Missing Configuration › should handle network errors for affiliate links" classname="edge-cases.spec.ts" time="0.003">
<failure message="edge-cases.spec.ts:90:7 should handle network errors for affiliate links" type="FAILURE">
<![CDATA[  [chromium] › edge-cases.spec.ts:90:7 › Edge Cases - Ad Failures & Missing Configuration › should handle network errors for affiliate links 

    Error: browserType.launch: Executable doesn't exist at C:\Users\kin16\AppData\Local\ms-playwright\chromium_headless_shell-1208\chrome-headless-shell-win64\chrome-headless-shell.exe
    ╔═════════════════════════════════════════════════════════════════════════╗
    ║ Looks like Playwright Test or Playwright was just installed or updated. ║
    ║ Please run the following command to download new browsers:              ║
    ║                                                                         ║
    ║     npx playwright install                                              ║
    ║                                                                         ║
    ║ <3 Playwright Team                                                      ║
    ╚═════════════════════════════════════════════════════════════════════════╝
]]>
</failure>
</testcase>
<testcase name="Edge Cases - Ad Failures &amp; Missing Configuration › should handle invalid video data response" classname="edge-cases.spec.ts" time="0.005">
<failure message="edge-cases.spec.ts:103:7 should handle invalid video data response" type="FAILURE">
<![CDATA[  [chromium] › edge-cases.spec.ts:103:7 › Edge Cases - Ad Failures & Missing Configuration › should handle invalid video data response 

    Error: browserType.launch: Executable doesn't exist at C:\Users\kin16\AppData\Local\ms-playwright\chromium_headless_shell-1208\chrome-headless-shell-win64\chrome-headless-shell.exe
    ╔═════════════════════════════════════════════════════════════════════════╗
    ║ Looks like Playwright Test or Playwright was just installed or updated. ║
    ║ Please run the following command to download new browsers:              ║
    ║                                                                         ║
    ║     npx playwright install                                              ║
    ║                                                                         ║
    ║ <3 Playwright Team                                                      ║
    ╚═════════════════════════════════════════════════════════════════════════╝
]]>
</failure>
</testcase>
<testcase name="Edge Cases - Ad Failures &amp; Missing Configuration › should handle malformed JSON responses" classname="edge-cases.spec.ts" time="0.003">
<failure message="edge-cases.spec.ts:120:7 should handle malformed JSON responses" type="FAILURE">
<![CDATA[  [chromium] › edge-cases.spec.ts:120:7 › Edge Cases - Ad Failures & Missing Configuration › should handle malformed JSON responses 

    Error: browserType.launch: Executable doesn't exist at C:\Users\kin16\AppData\Local\ms-playwright\chromium_headless_shell-1208\chrome-headless-shell-win64\chrome-headless-shell.exe
    ╔═════════════════════════════════════════════════════════════════════════╗
    ║ Looks like Playwright Test or Playwright was just installed or updated. ║
    ║ Please run the following command to download new browsers:              ║
    ║                                                                         ║
    ║     npx playwright install                                              ║
    ║                                                                         ║
    ║ <3 Playwright Team                                                      ║
    ╚═════════════════════════════════════════════════════════════════════════╝
]]>
</failure>
</testcase>
<testcase name="Edge Cases - Ad Failures &amp; Missing Configuration › should handle 500 server errors" classname="edge-cases.spec.ts" time="0.002">
<failure message="edge-cases.spec.ts:138:7 should handle 500 server errors" type="FAILURE">
<![CDATA[  [chromium] › edge-cases.spec.ts:138:7 › Edge Cases - Ad Failures & Missing Configuration › should handle 500 server errors 

    Error: browserType.launch: Executable doesn't exist at C:\Users\kin16\AppData\Local\ms-playwright\chromium_headless_shell-1208\chrome-headless-shell-win64\chrome-headless-shell.exe
    ╔═════════════════════════════════════════════════════════════════════════╗
    ║ Looks like Playwright Test or Playwright was just installed or updated. ║
    ║ Please run the following command to download new browsers:              ║
    ║                                                                         ║
    ║     npx playwright install                                              ║
    ║                                                                         ║
    ║ <3 Playwright Team                                                      ║
    ╚═════════════════════════════════════════════════════════════════════════╝
]]>
</failure>
</testcase>
<testcase name="Edge Cases - Ad Failures &amp; Missing Configuration › should handle network timeout" classname="edge-cases.spec.ts" time="0.002">
<failure message="edge-cases.spec.ts:161:7 should handle network timeout" type="FAILURE">
<![CDATA[  [chromium] › edge-cases.spec.ts:161:7 › Edge Cases - Ad Failures & Missing Configuration › should handle network timeout 

    Error: browserType.launch: Executable doesn't exist at C:\Users\kin16\AppData\Local\ms-playwright\chromium_headless_shell-1208\chrome-headless-shell-win64\chrome-headless-shell.exe
    ╔═════════════════════════════════════════════════════════════════════════╗
    ║ Looks like Playwright Test or Playwright was just installed or updated. ║
    ║ Please run the following command to download new browsers:              ║
    ║                                                                         ║
    ║     npx playwright install                                              ║
    ║                                                                         ║
    ║ <3 Playwright Team                                                      ║
    ╚═════════════════════════════════════════════════════════════════════════╝
]]>
</failure>
</testcase>
<testcase name="Edge Cases - Ad Failures &amp; Missing Configuration › should handle CORS errors" classname="edge-cases.spec.ts" time="0.003">
<failure message="edge-cases.spec.ts:181:7 should handle CORS errors" type="FAILURE">
<![CDATA[  [chromium] › edge-cases.spec.ts:181:7 › Edge Cases - Ad Failures & Missing Configuration › should handle CORS errors 

    Error: browserType.launch: Executable doesn't exist at C:\Users\kin16\AppData\Local\ms-playwright\chromium_headless_shell-1208\chrome-headless-shell-win64\chrome-headless-shell.exe
    ╔═════════════════════════════════════════════════════════════════════════╗
    ║ Looks like Playwright Test or Playwright was just installed or updated. ║
    ║ Please run the following command to download new browsers:              ║
    ║                                                                         ║
    ║     npx playwright install                                              ║
    ║                                                                         ║
    ║ <3 Playwright Team                                                      ║
    ╚═════════════════════════════════════════════════════════════════════════╝
]]>
</failure>
</testcase>
<testcase name="Edge Cases - Ad Failures &amp; Missing Configuration › should handle missing environment variables gracefully" classname="edge-cases.spec.ts" time="0.003">
<failure message="edge-cases.spec.ts:201:7 should handle missing environment variables gracefully" type="FAILURE">
<![CDATA[  [chromium] › edge-cases.spec.ts:201:7 › Edge Cases - Ad Failures & Missing Configuration › should handle missing environment variables gracefully 

    Error: browserType.launch: Executable doesn't exist at C:\Users\kin16\AppData\Local\ms-playwright\chromium_headless_shell-1208\chrome-headless-shell-win64\chrome-headless-shell.exe
    ╔═════════════════════════════════════════════════════════════════════════╗
    ║ Looks like Playwright Test or Playwright was just installed or updated. ║
    ║ Please run the following command to download new browsers:              ║
    ║                                                                         ║
    ║     npx playwright install                                              ║
    ║                                                                         ║
    ║ <3 Playwright Team                                                      ║
    ╚═════════════════════════════════════════════════════════════════════════╝
]]>
</failure>
</testcase>
<testcase name="Edge Cases - Ad Failures &amp; Missing Configuration › should handle rapid successive requests" classname="edge-cases.spec.ts" time="0.003">
<failure message="edge-cases.spec.ts:213:7 should handle rapid successive requests" type="FAILURE">
<![CDATA[  [chromium] › edge-cases.spec.ts:213:7 › Edge Cases - Ad Failures & Missing Configuration › should handle rapid successive requests 

    Error: browserType.launch: Executable doesn't exist at C:\Users\kin16\AppData\Local\ms-playwright\chromium_headless_shell-1208\chrome-headless-shell-win64\chrome-headless-shell.exe
    ╔═════════════════════════════════════════════════════════════════════════╗
    ║ Looks like Playwright Test or Playwright was just installed or updated. ║
    ║ Please run the following command to download new browsers:              ║
    ║                                                                         ║
    ║     npx playwright install                                              ║
    ║                                                                         ║
    ║ <3 Playwright Team                                                      ║
    ╚═════════════════════════════════════════════════════════════════════════╝
]]>
</failure>
</testcase>
<testcase name="Edge Cases - Ad Failures &amp; Missing Configuration › should handle very long URLs" classname="edge-cases.spec.ts" time="0.003">
<failure message="edge-cases.spec.ts:230:7 should handle very long URLs" type="FAILURE">
<![CDATA[  [chromium] › edge-cases.spec.ts:230:7 › Edge Cases - Ad Failures & Missing Configuration › should handle very long URLs 

    Error: browserType.launch: Executable doesn't exist at C:\Users\kin16\AppData\Local\ms-playwright\chromium_headless_shell-1208\chrome-headless-shell-win64\chrome-headless-shell.exe
    ╔═════════════════════════════════════════════════════════════════════════╗
    ║ Looks like Playwright Test or Playwright was just installed or updated. ║
    ║ Please run the following command to download new browsers:              ║
    ║                                                                         ║
    ║     npx playwright install                                              ║
    ║                                                                         ║
    ║ <3 Playwright Team                                                      ║
    ╚═════════════════════════════════════════════════════════════════════════╝
]]>
</failure>
</testcase>
<testcase name="Edge Cases - Ad Failures &amp; Missing Configuration › should handle special characters in input" classname="edge-cases.spec.ts" time="0.002">
<failure message="edge-cases.spec.ts:244:7 should handle special characters in input" type="FAILURE">
<![CDATA[  [chromium] › edge-cases.spec.ts:244:7 › Edge Cases - Ad Failures & Missing Configuration › should handle special characters in input 

    Error: browserType.launch: Executable doesn't exist at C:\Users\kin16\AppData\Local\ms-playwright\chromium_headless_shell-1208\chrome-headless-shell-win64\chrome-headless-shell.exe
    ╔═════════════════════════════════════════════════════════════════════════╗
    ║ Looks like Playwright Test or Playwright was just installed or updated. ║
    ║ Please run the following command to download new browsers:              ║
    ║                                                                         ║
    ║     npx playwright install                                              ║
    ║                                                                         ║
    ║ <3 Playwright Team                                                      ║
    ╚═════════════════════════════════════════════════════════════════════════╝
]]>
</failure>
</testcase>
</testsuite>
<testsuite name="integration.spec.ts" timestamp="2026-02-13T05:05:23.901Z" hostname="chromium" tests="16" failures="16" skipped="0" time="0.046" errors="0">
<testcase name="Integration - Complete User Journeys › should complete full download journey" classname="integration.spec.ts" time="0.002">
<failure message="integration.spec.ts:4:7 should complete full download journey" type="FAILURE">
<![CDATA[  [chromium] › integration.spec.ts:4:7 › Integration - Complete User Journeys › should complete full download journey 

    Error: browserType.launch: Executable doesn't exist at C:\Users\kin16\AppData\Local\ms-playwright\chromium_headless_shell-1208\chrome-headless-shell-win64\chrome-headless-shell.exe
    ╔═════════════════════════════════════════════════════════════════════════╗
    ║ Looks like Playwright Test or Playwright was just installed or updated. ║
    ║ Please run the following command to download new browsers:              ║
    ║                                                                         ║
    ║     npx playwright install                                              ║
    ║                                                                         ║
    ║ <3 Playwright Team                                                      ║
    ╚═════════════════════════════════════════════════════════════════════════╝
]]>
</failure>
</testcase>
<testcase name="Integration - Complete User Journeys › should complete transcript download journey" classname="integration.spec.ts" time="0.002">
<failure message="integration.spec.ts:42:7 should complete transcript download journey" type="FAILURE">
<![CDATA[  [chromium] › integration.spec.ts:42:7 › Integration - Complete User Journeys › should complete transcript download journey 

    Error: browserType.launch: Executable doesn't exist at C:\Users\kin16\AppData\Local\ms-playwright\chromium_headless_shell-1208\chrome-headless-shell-win64\chrome-headless-shell.exe
    ╔═════════════════════════════════════════════════════════════════════════╗
    ║ Looks like Playwright Test or Playwright was just installed or updated. ║
    ║ Please run the following command to download new browsers:              ║
    ║                                                                         ║
    ║     npx playwright install                                              ║
    ║                                                                         ║
    ║ <3 Playwright Team                                                      ║
    ╚═════════════════════════════════════════════════════════════════════════╝
]]>
</failure>
</testcase>
<testcase name="Integration - Complete User Journeys › should handle affiliate link clicks" classname="integration.spec.ts" time="0.002">
<failure message="integration.spec.ts:77:7 should handle affiliate link clicks" type="FAILURE">
<![CDATA[  [chromium] › integration.spec.ts:77:7 › Integration - Complete User Journeys › should handle affiliate link clicks 

    Error: browserType.launch: Executable doesn't exist at C:\Users\kin16\AppData\Local\ms-playwright\chromium_headless_shell-1208\chrome-headless-shell-win64\chrome-headless-shell.exe
    ╔═════════════════════════════════════════════════════════════════════════╗
    ║ Looks like Playwright Test or Playwright was just installed or updated. ║
    ║ Please run the following command to download new browsers:              ║
    ║                                                                         ║
    ║     npx playwright install                                              ║
    ║                                                                         ║
    ║ <3 Playwright Team                                                      ║
    ╚═════════════════════════════════════════════════════════════════════════╝
]]>
</failure>
</testcase>
<testcase name="Integration - Complete User Journeys › should handle share functionality" classname="integration.spec.ts" time="0.004">
<failure message="integration.spec.ts:104:7 should handle share functionality" type="FAILURE">
<![CDATA[  [chromium] › integration.spec.ts:104:7 › Integration - Complete User Journeys › should handle share functionality 

    Error: browserType.launch: Executable doesn't exist at C:\Users\kin16\AppData\Local\ms-playwright\chromium_headless_shell-1208\chrome-headless-shell-win64\chrome-headless-shell.exe
    ╔═════════════════════════════════════════════════════════════════════════╗
    ║ Looks like Playwright Test or Playwright was just installed or updated. ║
    ║ Please run the following command to download new browsers:              ║
    ║                                                                         ║
    ║     npx playwright install                                              ║
    ║                                                                         ║
    ║ <3 Playwright Team                                                      ║
    ╚═════════════════════════════════════════════════════════════════════════╝
]]>
</failure>
</testcase>
<testcase name="Integration - Complete User Journeys › should handle quality selection and download" classname="integration.spec.ts" time="0.003">
<failure message="integration.spec.ts:130:7 should handle quality selection and download" type="FAILURE">
<![CDATA[  [chromium] › integration.spec.ts:130:7 › Integration - Complete User Journeys › should handle quality selection and download 

    Error: browserType.launch: Executable doesn't exist at C:\Users\kin16\AppData\Local\ms-playwright\chromium_headless_shell-1208\chrome-headless-shell-win64\chrome-headless-shell.exe
    ╔═════════════════════════════════════════════════════════════════════════╗
    ║ Looks like Playwright Test or Playwright was just installed or updated. ║
    ║ Please run the following command to download new browsers:              ║
    ║                                                                         ║
    ║     npx playwright install                                              ║
    ║                                                                         ║
    ║ <3 Playwright Team                                                      ║
    ╚═════════════════════════════════════════════════════════════════════════╝
]]>
</failure>
</testcase>
<testcase name="Integration - Complete User Journeys › should navigate between pages" classname="integration.spec.ts" time="0.003">
<failure message="integration.spec.ts:168:7 should navigate between pages" type="FAILURE">
<![CDATA[  [chromium] › integration.spec.ts:168:7 › Integration - Complete User Journeys › should navigate between pages 

    Error: browserType.launch: Executable doesn't exist at C:\Users\kin16\AppData\Local\ms-playwright\chromium_headless_shell-1208\chrome-headless-shell-win64\chrome-headless-shell.exe
    ╔═════════════════════════════════════════════════════════════════════════╗
    ║ Looks like Playwright Test or Playwright was just installed or updated. ║
    ║ Please run the following command to download new browsers:              ║
    ║                                                                         ║
    ║     npx playwright install                                              ║
    ║                                                                         ║
    ║ <3 Playwright Team                                                      ║
    ╚═════════════════════════════════════════════════════════════════════════╝
]]>
</failure>
</testcase>
<testcase name="Integration - Complete User Journeys › should handle error recovery" classname="integration.spec.ts" time="0.003">
<failure message="integration.spec.ts:182:7 should handle error recovery" type="FAILURE">
<![CDATA[  [chromium] › integration.spec.ts:182:7 › Integration - Complete User Journeys › should handle error recovery 

    Error: browserType.launch: Executable doesn't exist at C:\Users\kin16\AppData\Local\ms-playwright\chromium_headless_shell-1208\chrome-headless-shell-win64\chrome-headless-shell.exe
    ╔═════════════════════════════════════════════════════════════════════════╗
    ║ Looks like Playwright Test or Playwright was just installed or updated. ║
    ║ Please run the following command to download new browsers:              ║
    ║                                                                         ║
    ║     npx playwright install                                              ║
    ║                                                                         ║
    ║ <3 Playwright Team                                                      ║
    ╚═════════════════════════════════════════════════════════════════════════╝
]]>
</failure>
</testcase>
<testcase name="Integration - Complete User Journeys › should maintain state across navigation" classname="integration.spec.ts" time="0.002">
<failure message="integration.spec.ts:220:7 should maintain state across navigation" type="FAILURE">
<![CDATA[  [chromium] › integration.spec.ts:220:7 › Integration - Complete User Journeys › should maintain state across navigation 

    Error: browserType.launch: Executable doesn't exist at C:\Users\kin16\AppData\Local\ms-playwright\chromium_headless_shell-1208\chrome-headless-shell-win64\chrome-headless-shell.exe
    ╔═════════════════════════════════════════════════════════════════════════╗
    ║ Looks like Playwright Test or Playwright was just installed or updated. ║
    ║ Please run the following command to download new browsers:              ║
    ║                                                                         ║
    ║     npx playwright install                                              ║
    ║                                                                         ║
    ║ <3 Playwright Team                                                      ║
    ╚═════════════════════════════════════════════════════════════════════════╝
]]>
</failure>
</testcase>
<testcase name="Integration - Complete User Journeys › should handle concurrent operations" classname="integration.spec.ts" time="0.003">
<failure message="integration.spec.ts:250:7 should handle concurrent operations" type="FAILURE">
<![CDATA[  [chromium] › integration.spec.ts:250:7 › Integration - Complete User Journeys › should handle concurrent operations 

    Error: browserType.launch: Executable doesn't exist at C:\Users\kin16\AppData\Local\ms-playwright\chromium_headless_shell-1208\chrome-headless-shell-win64\chrome-headless-shell.exe
    ╔═════════════════════════════════════════════════════════════════════════╗
    ║ Looks like Playwright Test or Playwright was just installed or updated. ║
    ║ Please run the following command to download new browsers:              ║
    ║                                                                         ║
    ║     npx playwright install                                              ║
    ║                                                                         ║
    ║ <3 Playwright Team                                                      ║
    ╚═════════════════════════════════════════════════════════════════════════╝
]]>
</failure>
</testcase>
<testcase name="Integration - Complete User Journeys › should handle page refresh" classname="integration.spec.ts" time="0.003">
<failure message="integration.spec.ts:269:7 should handle page refresh" type="FAILURE">
<![CDATA[  [chromium] › integration.spec.ts:269:7 › Integration - Complete User Journeys › should handle page refresh 

    Error: browserType.launch: Executable doesn't exist at C:\Users\kin16\AppData\Local\ms-playwright\chromium_headless_shell-1208\chrome-headless-shell-win64\chrome-headless-shell.exe
    ╔═════════════════════════════════════════════════════════════════════════╗
    ║ Looks like Playwright Test or Playwright was just installed or updated. ║
    ║ Please run the following command to download new browsers:              ║
    ║                                                                         ║
    ║     npx playwright install                                              ║
    ║                                                                         ║
    ║ <3 Playwright Team                                                      ║
    ╚═════════════════════════════════════════════════════════════════════════╝
]]>
</failure>
</testcase>
<testcase name="Integration - Complete User Journeys › should handle back button navigation" classname="integration.spec.ts" time="0.002">
<failure message="integration.spec.ts:295:7 should handle back button navigation" type="FAILURE">
<![CDATA[  [chromium] › integration.spec.ts:295:7 › Integration - Complete User Journeys › should handle back button navigation 

    Error: browserType.launch: Executable doesn't exist at C:\Users\kin16\AppData\Local\ms-playwright\chromium_headless_shell-1208\chrome-headless-shell-win64\chrome-headless-shell.exe
    ╔═════════════════════════════════════════════════════════════════════════╗
    ║ Looks like Playwright Test or Playwright was just installed or updated. ║
    ║ Please run the following command to download new browsers:              ║
    ║                                                                         ║
    ║     npx playwright install                                              ║
    ║                                                                         ║
    ║ <3 Playwright Team                                                      ║
    ╚═════════════════════════════════════════════════════════════════════════╝
]]>
</failure>
</testcase>
<testcase name="Integration - Complete User Journeys › should handle forward button navigation" classname="integration.spec.ts" time="0.004">
<failure message="integration.spec.ts:316:7 should handle forward button navigation" type="FAILURE">
<![CDATA[  [chromium] › integration.spec.ts:316:7 › Integration - Complete User Journeys › should handle forward button navigation 

    Error: browserType.launch: Executable doesn't exist at C:\Users\kin16\AppData\Local\ms-playwright\chromium_headless_shell-1208\chrome-headless-shell-win64\chrome-headless-shell.exe
    ╔═════════════════════════════════════════════════════════════════════════╗
    ║ Looks like Playwright Test or Playwright was just installed or updated. ║
    ║ Please run the following command to download new browsers:              ║
    ║                                                                         ║
    ║     npx playwright install                                              ║
    ║                                                                         ║
    ║ <3 Playwright Team                                                      ║
    ╚═════════════════════════════════════════════════════════════════════════╝
]]>
</failure>
</testcase>
<testcase name="Analytics &amp; Tracking › should track page views" classname="integration.spec.ts" time="0.005">
<failure message="integration.spec.ts:334:7 should track page views" type="FAILURE">
<![CDATA[  [chromium] › integration.spec.ts:334:7 › Analytics & Tracking › should track page views ──────────

    Error: browserType.launch: Executable doesn't exist at C:\Users\kin16\AppData\Local\ms-playwright\chromium_headless_shell-1208\chrome-headless-shell-win64\chrome-headless-shell.exe
    ╔═════════════════════════════════════════════════════════════════════════╗
    ║ Looks like Playwright Test or Playwright was just installed or updated. ║
    ║ Please run the following command to download new browsers:              ║
    ║                                                                         ║
    ║     npx playwright install                                              ║
    ║                                                                         ║
    ║ <3 Playwright Team                                                      ║
    ╚═════════════════════════════════════════════════════════════════════════╝
]]>
</failure>
</testcase>
<testcase name="Analytics &amp; Tracking › should track user interactions" classname="integration.spec.ts" time="0.002">
<failure message="integration.spec.ts:354:7 should track user interactions" type="FAILURE">
<![CDATA[  [chromium] › integration.spec.ts:354:7 › Analytics & Tracking › should track user interactions ───

    Error: browserType.launch: Executable doesn't exist at C:\Users\kin16\AppData\Local\ms-playwright\chromium_headless_shell-1208\chrome-headless-shell-win64\chrome-headless-shell.exe
    ╔═════════════════════════════════════════════════════════════════════════╗
    ║ Looks like Playwright Test or Playwright was just installed or updated. ║
    ║ Please run the following command to download new browsers:              ║
    ║                                                                         ║
    ║     npx playwright install                                              ║
    ║                                                                         ║
    ║ <3 Playwright Team                                                      ║
    ╚═════════════════════════════════════════════════════════════════════════╝
]]>
</failure>
</testcase>
<testcase name="Analytics &amp; Tracking › should track errors" classname="integration.spec.ts" time="0.003">
<failure message="integration.spec.ts:375:7 should track errors" type="FAILURE">
<![CDATA[  [chromium] › integration.spec.ts:375:7 › Analytics & Tracking › should track errors ──────────────

    Error: browserType.launch: Executable doesn't exist at C:\Users\kin16\AppData\Local\ms-playwright\chromium_headless_shell-1208\chrome-headless-shell-win64\chrome-headless-shell.exe
    ╔═════════════════════════════════════════════════════════════════════════╗
    ║ Looks like Playwright Test or Playwright was just installed or updated. ║
    ║ Please run the following command to download new browsers:              ║
    ║                                                                         ║
    ║     npx playwright install                                              ║
    ║                                                                         ║
    ║ <3 Playwright Team                                                      ║
    ╚═════════════════════════════════════════════════════════════════════════╝
]]>
</failure>
</testcase>
<testcase name="Analytics &amp; Tracking › should track performance metrics" classname="integration.spec.ts" time="0.003">
<failure message="integration.spec.ts:395:7 should track performance metrics" type="FAILURE">
<![CDATA[  [chromium] › integration.spec.ts:395:7 › Analytics & Tracking › should track performance metrics ─

    Error: browserType.launch: Executable doesn't exist at C:\Users\kin16\AppData\Local\ms-playwright\chromium_headless_shell-1208\chrome-headless-shell-win64\chrome-headless-shell.exe
    ╔═════════════════════════════════════════════════════════════════════════╗
    ║ Looks like Playwright Test or Playwright was just installed or updated. ║
    ║ Please run the following command to download new browsers:              ║
    ║                                                                         ║
    ║     npx playwright install                                              ║
    ║                                                                         ║
    ║ <3 Playwright Team                                                      ║
    ╚═════════════════════════════════════════════════════════════════════════╝
]]>
</failure>
</testcase>
</testsuite>
<testsuite name="landing-page.spec.ts" timestamp="2026-02-13T05:05:23.901Z" hostname="chromium" tests="9" failures="9" skipped="0" time="0.029" errors="0">
<testcase name="Landing Page - Monetization Features › should load landing page successfully" classname="landing-page.spec.ts" time="0.003">
<failure message="landing-page.spec.ts:9:7 should load landing page successfully" type="FAILURE">
<![CDATA[  [chromium] › landing-page.spec.ts:9:7 › Landing Page - Monetization Features › should load landing page successfully 

    Error: browserType.launch: Executable doesn't exist at C:\Users\kin16\AppData\Local\ms-playwright\chromium_headless_shell-1208\chrome-headless-shell-win64\chrome-headless-shell.exe
    ╔═════════════════════════════════════════════════════════════════════════╗
    ║ Looks like Playwright Test or Playwright was just installed or updated. ║
    ║ Please run the following command to download new browsers:              ║
    ║                                                                         ║
    ║     npx playwright install                                              ║
    ║                                                                         ║
    ║ <3 Playwright Team                                                      ║
    ╚═════════════════════════════════════════════════════════════════════════╝
]]>
</failure>
</testcase>
<testcase name="Landing Page - Monetization Features › should display header with navigation links" classname="landing-page.spec.ts" time="0.002">
<failure message="landing-page.spec.ts:14:7 should display header with navigation links" type="FAILURE">
<![CDATA[  [chromium] › landing-page.spec.ts:14:7 › Landing Page - Monetization Features › should display header with navigation links 

    Error: browserType.launch: Executable doesn't exist at C:\Users\kin16\AppData\Local\ms-playwright\chromium_headless_shell-1208\chrome-headless-shell-win64\chrome-headless-shell.exe
    ╔═════════════════════════════════════════════════════════════════════════╗
    ║ Looks like Playwright Test or Playwright was just installed or updated. ║
    ║ Please run the following command to download new browsers:              ║
    ║                                                                         ║
    ║     npx playwright install                                              ║
    ║                                                                         ║
    ║ <3 Playwright Team                                                      ║
    ╚═════════════════════════════════════════════════════════════════════════╝
]]>
</failure>
</testcase>
<testcase name="Landing Page - Monetization Features › should verify AdSense script loads when enabled" classname="landing-page.spec.ts" time="0.003">
<failure message="landing-page.spec.ts:27:7 should verify AdSense script loads when enabled" type="FAILURE">
<![CDATA[  [chromium] › landing-page.spec.ts:27:7 › Landing Page - Monetization Features › should verify AdSense script loads when enabled 

    Error: browserType.launch: Executable doesn't exist at C:\Users\kin16\AppData\Local\ms-playwright\chromium_headless_shell-1208\chrome-headless-shell-win64\chrome-headless-shell.exe
    ╔═════════════════════════════════════════════════════════════════════════╗
    ║ Looks like Playwright Test or Playwright was just installed or updated. ║
    ║ Please run the following command to download new browsers:              ║
    ║                                                                         ║
    ║     npx playwright install                                              ║
    ║                                                                         ║
    ║ <3 Playwright Team                                                      ║
    ╚═════════════════════════════════════════════════════════════════════════╝
]]>
</failure>
</testcase>
<testcase name="Landing Page - Monetization Features › should display affiliate links section" classname="landing-page.spec.ts" time="0.002">
<failure message="landing-page.spec.ts:39:7 should display affiliate links section" type="FAILURE">
<![CDATA[  [chromium] › landing-page.spec.ts:39:7 › Landing Page - Monetization Features › should display affiliate links section 

    Error: browserType.launch: Executable doesn't exist at C:\Users\kin16\AppData\Local\ms-playwright\chromium_headless_shell-1208\chrome-headless-shell-win64\chrome-headless-shell.exe
    ╔═════════════════════════════════════════════════════════════════════════╗
    ║ Looks like Playwright Test or Playwright was just installed or updated. ║
    ║ Please run the following command to download new browsers:              ║
    ║                                                                         ║
    ║     npx playwright install                                              ║
    ║                                                                         ║
    ║ <3 Playwright Team                                                      ║
    ╚═════════════════════════════════════════════════════════════════════════╝
]]>
</failure>
</testcase>
<testcase name="Landing Page - Monetization Features › should verify page load time is under 3 seconds" classname="landing-page.spec.ts" time="0.008">
<failure message="landing-page.spec.ts:53:7 should verify page load time is under 3 seconds" type="FAILURE">
<![CDATA[  [chromium] › landing-page.spec.ts:53:7 › Landing Page - Monetization Features › should verify page load time is under 3 seconds 

    Error: browserType.launch: Executable doesn't exist at C:\Users\kin16\AppData\Local\ms-playwright\chromium_headless_shell-1208\chrome-headless-shell-win64\chrome-headless-shell.exe
    ╔═════════════════════════════════════════════════════════════════════════╗
    ║ Looks like Playwright Test or Playwright was just installed or updated. ║
    ║ Please run the following command to download new browsers:              ║
    ║                                                                         ║
    ║     npx playwright install                                              ║
    ║                                                                         ║
    ║ <3 Playwright Team                                                      ║
    ╚═════════════════════════════════════════════════════════════════════════╝
]]>
</failure>
</testcase>
<testcase name="Landing Page - Monetization Features › should display features section with proper styling" classname="landing-page.spec.ts" time="0.003">
<failure message="landing-page.spec.ts:62:7 should display features section with proper styling" type="FAILURE">
<![CDATA[  [chromium] › landing-page.spec.ts:62:7 › Landing Page - Monetization Features › should display features section with proper styling 

    Error: browserType.launch: Executable doesn't exist at C:\Users\kin16\AppData\Local\ms-playwright\chromium_headless_shell-1208\chrome-headless-shell-win64\chrome-headless-shell.exe
    ╔═════════════════════════════════════════════════════════════════════════╗
    ║ Looks like Playwright Test or Playwright was just installed or updated. ║
    ║ Please run the following command to download new browsers:              ║
    ║                                                                         ║
    ║     npx playwright install                                              ║
    ║                                                                         ║
    ║ <3 Playwright Team                                                      ║
    ╚═════════════════════════════════════════════════════════════════════════╝
]]>
</failure>
</testcase>
<testcase name="Landing Page - Monetization Features › should have proper footer with links" classname="landing-page.spec.ts" time="0.003">
<failure message="landing-page.spec.ts:71:7 should have proper footer with links" type="FAILURE">
<![CDATA[  [chromium] › landing-page.spec.ts:71:7 › Landing Page - Monetization Features › should have proper footer with links 

    Error: browserType.launch: Executable doesn't exist at C:\Users\kin16\AppData\Local\ms-playwright\chromium_headless_shell-1208\chrome-headless-shell-win64\chrome-headless-shell.exe
    ╔═════════════════════════════════════════════════════════════════════════╗
    ║ Looks like Playwright Test or Playwright was just installed or updated. ║
    ║ Please run the following command to download new browsers:              ║
    ║                                                                         ║
    ║     npx playwright install                                              ║
    ║                                                                         ║
    ║ <3 Playwright Team                                                      ║
    ╚═════════════════════════════════════════════════════════════════════════╝
]]>
</failure>
</testcase>
<testcase name="Landing Page - Monetization Features › should verify no XSS vulnerabilities in page content" classname="landing-page.spec.ts" time="0.003">
<failure message="landing-page.spec.ts:84:7 should verify no XSS vulnerabilities in page content" type="FAILURE">
<![CDATA[  [chromium] › landing-page.spec.ts:84:7 › Landing Page - Monetization Features › should verify no XSS vulnerabilities in page content 

    Error: browserType.launch: Executable doesn't exist at C:\Users\kin16\AppData\Local\ms-playwright\chromium_headless_shell-1208\chrome-headless-shell-win64\chrome-headless-shell.exe
    ╔═════════════════════════════════════════════════════════════════════════╗
    ║ Looks like Playwright Test or Playwright was just installed or updated. ║
    ║ Please run the following command to download new browsers:              ║
    ║                                                                         ║
    ║     npx playwright install                                              ║
    ║                                                                         ║
    ║ <3 Playwright Team                                                      ║
    ╚═════════════════════════════════════════════════════════════════════════╝
]]>
</failure>
</testcase>
<testcase name="Landing Page - Monetization Features › should verify safe external links with proper attributes" classname="landing-page.spec.ts" time="0.002">
<failure message="landing-page.spec.ts:94:7 should verify safe external links with proper attributes" type="FAILURE">
<![CDATA[  [chromium] › landing-page.spec.ts:94:7 › Landing Page - Monetization Features › should verify safe external links with proper attributes 

    Error: browserType.launch: Executable doesn't exist at C:\Users\kin16\AppData\Local\ms-playwright\chromium_headless_shell-1208\chrome-headless-shell-win64\chrome-headless-shell.exe
    ╔═════════════════════════════════════════════════════════════════════════╗
    ║ Looks like Playwright Test or Playwright was just installed or updated. ║
    ║ Please run the following command to download new browsers:              ║
    ║                                                                         ║
    ║     npx playwright install                                              ║
    ║                                                                         ║
    ║ <3 Playwright Team                                                      ║
    ╚═════════════════════════════════════════════════════════════════════════╝
]]>
</failure>
</testcase>
</testsuite>
<testsuite name="monetization.spec.ts" timestamp="2026-02-13T05:05:23.901Z" hostname="chromium" tests="12" failures="12" skipped="0" time="0.052" errors="0">
<testcase name="Monetization - AdSense &amp; Affiliate Tracking › should load AdSense script when enabled" classname="monetization.spec.ts" time="0.003">
<failure message="monetization.spec.ts:16:7 should load AdSense script when enabled" type="FAILURE">
<![CDATA[  [chromium] › monetization.spec.ts:16:7 › Monetization - AdSense & Affiliate Tracking › should load AdSense script when enabled 

    Error: browserType.launch: Executable doesn't exist at C:\Users\kin16\AppData\Local\ms-playwright\chromium_headless_shell-1208\chrome-headless-shell-win64\chrome-headless-shell.exe
    ╔═════════════════════════════════════════════════════════════════════════╗
    ║ Looks like Playwright Test or Playwright was just installed or updated. ║
    ║ Please run the following command to download new browsers:              ║
    ║                                                                         ║
    ║     npx playwright install                                              ║
    ║                                                                         ║
    ║ <3 Playwright Team                                                      ║
    ╚═════════════════════════════════════════════════════════════════════════╝
]]>
</failure>
</testcase>
<testcase name="Monetization - AdSense &amp; Affiliate Tracking › should track ad impressions with gtag" classname="monetization.spec.ts" time="0.002">
<failure message="monetization.spec.ts:36:7 should track ad impressions with gtag" type="FAILURE">
<![CDATA[  [chromium] › monetization.spec.ts:36:7 › Monetization - AdSense & Affiliate Tracking › should track ad impressions with gtag 

    Error: browserType.launch: Executable doesn't exist at C:\Users\kin16\AppData\Local\ms-playwright\chromium_headless_shell-1208\chrome-headless-shell-win64\chrome-headless-shell.exe
    ╔═════════════════════════════════════════════════════════════════════════╗
    ║ Looks like Playwright Test or Playwright was just installed or updated. ║
    ║ Please run the following command to download new browsers:              ║
    ║                                                                         ║
    ║     npx playwright install                                              ║
    ║                                                                         ║
    ║ <3 Playwright Team                                                      ║
    ╚═════════════════════════════════════════════════════════════════════════╝
]]>
</failure>
</testcase>
<testcase name="Monetization - AdSense &amp; Affiliate Tracking › should display affiliate links with proper tracking" classname="monetization.spec.ts" time="0.008">
<failure message="monetization.spec.ts:55:7 should display affiliate links with proper tracking" type="FAILURE">
<![CDATA[  [chromium] › monetization.spec.ts:55:7 › Monetization - AdSense & Affiliate Tracking › should display affiliate links with proper tracking 

    Error: browserType.launch: Executable doesn't exist at C:\Users\kin16\AppData\Local\ms-playwright\chromium_headless_shell-1208\chrome-headless-shell-win64\chrome-headless-shell.exe
    ╔═════════════════════════════════════════════════════════════════════════╗
    ║ Looks like Playwright Test or Playwright was just installed or updated. ║
    ║ Please run the following command to download new browsers:              ║
    ║                                                                         ║
    ║     npx playwright install                                              ║
    ║                                                                         ║
    ║ <3 Playwright Team                                                      ║
    ╚═════════════════════════════════════════════════════════════════════════╝
]]>
</failure>
</testcase>
<testcase name="Monetization - AdSense &amp; Affiliate Tracking › should have affiliate links with correct attributes" classname="monetization.spec.ts" time="0.003">
<failure message="monetization.spec.ts:83:7 should have affiliate links with correct attributes" type="FAILURE">
<![CDATA[  [chromium] › monetization.spec.ts:83:7 › Monetization - AdSense & Affiliate Tracking › should have affiliate links with correct attributes 

    Error: browserType.launch: Executable doesn't exist at C:\Users\kin16\AppData\Local\ms-playwright\chromium_headless_shell-1208\chrome-headless-shell-win64\chrome-headless-shell.exe
    ╔═════════════════════════════════════════════════════════════════════════╗
    ║ Looks like Playwright Test or Playwright was just installed or updated. ║
    ║ Please run the following command to download new browsers:              ║
    ║                                                                         ║
    ║     npx playwright install                                              ║
    ║                                                                         ║
    ║ <3 Playwright Team                                                      ║
    ╚═════════════════════════════════════════════════════════════════════════╝
]]>
</failure>
</testcase>
<testcase name="Monetization - AdSense &amp; Affiliate Tracking › should display affiliate disclosure" classname="monetization.spec.ts" time="0.004">
<failure message="monetization.spec.ts:103:7 should display affiliate disclosure" type="FAILURE">
<![CDATA[  [chromium] › monetization.spec.ts:103:7 › Monetization - AdSense & Affiliate Tracking › should display affiliate disclosure 

    Error: browserType.launch: Executable doesn't exist at C:\Users\kin16\AppData\Local\ms-playwright\chromium_headless_shell-1208\chrome-headless-shell-win64\chrome-headless-shell.exe
    ╔═════════════════════════════════════════════════════════════════════════╗
    ║ Looks like Playwright Test or Playwright was just installed or updated. ║
    ║ Please run the following command to download new browsers:              ║
    ║                                                                         ║
    ║     npx playwright install                                              ║
    ║                                                                         ║
    ║ <3 Playwright Team                                                      ║
    ╚═════════════════════════════════════════════════════════════════════════╝
]]>
</failure>
</testcase>
<testcase name="Monetization - AdSense &amp; Affiliate Tracking › should not show ads on excluded paths" classname="monetization.spec.ts" time="0.003">
<failure message="monetization.spec.ts:113:7 should not show ads on excluded paths" type="FAILURE">
<![CDATA[  [chromium] › monetization.spec.ts:113:7 › Monetization - AdSense & Affiliate Tracking › should not show ads on excluded paths 

    Error: browserType.launch: Executable doesn't exist at C:\Users\kin16\AppData\Local\ms-playwright\chromium_headless_shell-1208\chrome-headless-shell-win64\chrome-headless-shell.exe
    ╔═════════════════════════════════════════════════════════════════════════╗
    ║ Looks like Playwright Test or Playwright was just installed or updated. ║
    ║ Please run the following command to download new browsers:              ║
    ║                                                                         ║
    ║     npx playwright install                                              ║
    ║                                                                         ║
    ║ <3 Playwright Team                                                      ║
    ╚═════════════════════════════════════════════════════════════════════════╝
]]>
</failure>
</testcase>
<testcase name="Monetization - AdSense &amp; Affiliate Tracking › should track ad impressions on landing page" classname="monetization.spec.ts" time="0.002">
<failure message="monetization.spec.ts:125:7 should track ad impressions on landing page" type="FAILURE">
<![CDATA[  [chromium] › monetization.spec.ts:125:7 › Monetization - AdSense & Affiliate Tracking › should track ad impressions on landing page 

    Error: browserType.launch: Executable doesn't exist at C:\Users\kin16\AppData\Local\ms-playwright\chromium_headless_shell-1208\chrome-headless-shell-win64\chrome-headless-shell.exe
    ╔═════════════════════════════════════════════════════════════════════════╗
    ║ Looks like Playwright Test or Playwright was just installed or updated. ║
    ║ Please run the following command to download new browsers:              ║
    ║                                                                         ║
    ║     npx playwright install                                              ║
    ║                                                                         ║
    ║ <3 Playwright Team                                                      ║
    ╚═════════════════════════════════════════════════════════════════════════╝
]]>
</failure>
</testcase>
<testcase name="Monetization - AdSense &amp; Affiliate Tracking › should have proper ad slot configuration" classname="monetization.spec.ts" time="0.003">
<failure message="monetization.spec.ts:146:7 should have proper ad slot configuration" type="FAILURE">
<![CDATA[  [chromium] › monetization.spec.ts:146:7 › Monetization - AdSense & Affiliate Tracking › should have proper ad slot configuration 

    Error: browserType.launch: Executable doesn't exist at C:\Users\kin16\AppData\Local\ms-playwright\chromium_headless_shell-1208\chrome-headless-shell-win64\chrome-headless-shell.exe
    ╔═════════════════════════════════════════════════════════════════════════╗
    ║ Looks like Playwright Test or Playwright was just installed or updated. ║
    ║ Please run the following command to download new browsers:              ║
    ║                                                                         ║
    ║     npx playwright install                                              ║
    ║                                                                         ║
    ║ <3 Playwright Team                                                      ║
    ╚═════════════════════════════════════════════════════════════════════════╝
]]>
</failure>
</testcase>
<testcase name="Monetization - AdSense &amp; Affiliate Tracking › should verify affiliate links are not malicious" classname="monetization.spec.ts" time="0.006">
<failure message="monetization.spec.ts:165:7 should verify affiliate links are not malicious" type="FAILURE">
<![CDATA[  [chromium] › monetization.spec.ts:165:7 › Monetization - AdSense & Affiliate Tracking › should verify affiliate links are not malicious 

    Error: browserType.launch: Executable doesn't exist at C:\Users\kin16\AppData\Local\ms-playwright\chromium_headless_shell-1208\chrome-headless-shell-win64\chrome-headless-shell.exe
    ╔═════════════════════════════════════════════════════════════════════════╗
    ║ Looks like Playwright Test or Playwright was just installed or updated. ║
    ║ Please run the following command to download new browsers:              ║
    ║                                                                         ║
    ║     npx playwright install                                              ║
    ║                                                                         ║
    ║ <3 Playwright Team                                                      ║
    ╚═════════════════════════════════════════════════════════════════════════╝
]]>
</failure>
</testcase>
<testcase name="Monetization - AdSense &amp; Affiliate Tracking › should handle ad loading failures gracefully" classname="monetization.spec.ts" time="0.01">
<failure message="monetization.spec.ts:183:7 should handle ad loading failures gracefully" type="FAILURE">
<![CDATA[  [chromium] › monetization.spec.ts:183:7 › Monetization - AdSense & Affiliate Tracking › should handle ad loading failures gracefully 

    Error: browserType.launch: Executable doesn't exist at C:\Users\kin16\AppData\Local\ms-playwright\chromium_headless_shell-1208\chrome-headless-shell-win64\chrome-headless-shell.exe
    ╔═════════════════════════════════════════════════════════════════════════╗
    ║ Looks like Playwright Test or Playwright was just installed or updated. ║
    ║ Please run the following command to download new browsers:              ║
    ║                                                                         ║
    ║     npx playwright install                                              ║
    ║                                                                         ║
    ║ <3 Playwright Team                                                      ║
    ╚═════════════════════════════════════════════════════════════════════════╝
]]>
</failure>
</testcase>
<testcase name="Monetization - AdSense &amp; Affiliate Tracking › should verify no hardcoded API keys in page" classname="monetization.spec.ts" time="0.004">
<failure message="monetization.spec.ts:200:7 should verify no hardcoded API keys in page" type="FAILURE">
<![CDATA[  [chromium] › monetization.spec.ts:200:7 › Monetization - AdSense & Affiliate Tracking › should verify no hardcoded API keys in page 

    Error: browserType.launch: Executable doesn't exist at C:\Users\kin16\AppData\Local\ms-playwright\chromium_headless_shell-1208\chrome-headless-shell-win64\chrome-headless-shell.exe
    ╔═════════════════════════════════════════════════════════════════════════╗
    ║ Looks like Playwright Test or Playwright was just installed or updated. ║
    ║ Please run the following command to download new browsers:              ║
    ║                                                                         ║
    ║     npx playwright install                                              ║
    ║                                                                         ║
    ║ <3 Playwright Team                                                      ║
    ╚═════════════════════════════════════════════════════════════════════════╝
]]>
</failure>
</testcase>
<testcase name="Monetization - AdSense &amp; Affiliate Tracking › should verify environment variables are used for config" classname="monetization.spec.ts" time="0.004">
<failure message="monetization.spec.ts:209:7 should verify environment variables are used for config" type="FAILURE">
<![CDATA[  [chromium] › monetization.spec.ts:209:7 › Monetization - AdSense & Affiliate Tracking › should verify environment variables are used for config 

    Error: browserType.launch: Executable doesn't exist at C:\Users\kin16\AppData\Local\ms-playwright\chromium_headless_shell-1208\chrome-headless-shell-win64\chrome-headless-shell.exe
    ╔═════════════════════════════════════════════════════════════════════════╗
    ║ Looks like Playwright Test or Playwright was just installed or updated. ║
    ║ Please run the following command to download new browsers:              ║
    ║                                                                         ║
    ║     npx playwright install                                              ║
    ║                                                                         ║
    ║ <3 Playwright Team                                                      ║
    ╚═════════════════════════════════════════════════════════════════════════╝
]]>
</failure>
</testcase>
</testsuite>
<testsuite name="performance.spec.ts" timestamp="2026-02-13T05:05:23.901Z" hostname="chromium" tests="15" failures="15" skipped="0" time="0.054" errors="0">
<testcase name="Performance - Page Load Times &amp; Ad Impact › should load landing page in under 3 seconds" classname="performance.spec.ts" time="0.002">
<failure message="performance.spec.ts:4:7 should load landing page in under 3 seconds" type="FAILURE">
<![CDATA[  [chromium] › performance.spec.ts:4:7 › Performance - Page Load Times & Ad Impact › should load landing page in under 3 seconds 

    Error: browserType.launch: Executable doesn't exist at C:\Users\kin16\AppData\Local\ms-playwright\chromium_headless_shell-1208\chrome-headless-shell-win64\chrome-headless-shell.exe
    ╔═════════════════════════════════════════════════════════════════════════╗
    ║ Looks like Playwright Test or Playwright was just installed or updated. ║
    ║ Please run the following command to download new browsers:              ║
    ║                                                                         ║
    ║     npx playwright install                                              ║
    ║                                                                         ║
    ║ <3 Playwright Team                                                      ║
    ╚═════════════════════════════════════════════════════════════════════════╝
]]>
</failure>
</testcase>
<testcase name="Performance - Page Load Times &amp; Ad Impact › should load results page in under 3 seconds" classname="performance.spec.ts" time="0.003">
<failure message="performance.spec.ts:13:7 should load results page in under 3 seconds" type="FAILURE">
<![CDATA[  [chromium] › performance.spec.ts:13:7 › Performance - Page Load Times & Ad Impact › should load results page in under 3 seconds 

    Error: browserType.launch: Executable doesn't exist at C:\Users\kin16\AppData\Local\ms-playwright\chromium_headless_shell-1208\chrome-headless-shell-win64\chrome-headless-shell.exe
    ╔═════════════════════════════════════════════════════════════════════════╗
    ║ Looks like Playwright Test or Playwright was just installed or updated. ║
    ║ Please run the following command to download new browsers:              ║
[...]
<failure message="security.spec.ts:21:7 should sanitize user input before display" type="FAILURE">
<![CDATA[  [firefox] › security.spec.ts:21:7 › Security - XSS Prevention & Safe Redirects › should sanitize user input before display 

    Error: browserType.launch: Executable doesn't exist at C:\Users\kin16\AppData\Local\ms-playwright\firefox-1509\firefox\firefox.exe
    ╔═════════════════════════════════════════════════════════════════════════╗
    ║ Looks like Playwright Test or Playwright was just installed or updated. ║
    ║ Please run the following command to download new browsers:              ║
    ║                                                                         ║
    ║     npx playwright install                                              ║
    ║                                                                         ║
    ║ <3 Playwright Team                                                      ║
    ╚═════════════════════════════════════════════════════════════════════════╝
]]>
</failure>
</testcase>
<testcase name="Security - XSS Prevention &amp; Safe Redirects › should escape HTML in transcript display" classname="security.spec.ts" time="0.002">
<failure message="security.spec.ts:48:7 should escape HTML in transcript display" type="FAILURE">
<![CDATA[  [firefox] › security.spec.ts:48:7 › Security - XSS Prevention & Safe Redirects › should escape HTML in transcript display 

    Error: browserType.launch: Executable doesn't exist at C:\Users\kin16\AppData\Local\ms-playwright\firefox-1509\firefox\firefox.exe
    ╔═════════════════════════════════════════════════════════════════════════╗
    ║ Looks like Playwright Test or Playwright was just installed or updated. ║
    ║ Please run the following command to download new browsers:              ║
    ║                                                                         ║
    ║     npx playwright install                                              ║
    ║                                                                         ║
    ║ <3 Playwright Team                                                      ║
    ╚═════════════════════════════════════════════════════════════════════════╝
]]>
</failure>
</testcase>
<testcase name="Security - XSS Prevention &amp; Safe Redirects › should validate affiliate links are safe" classname="security.spec.ts" time="0.002">
<failure message="security.spec.ts:84:7 should validate affiliate links are safe" type="FAILURE">
<![CDATA[  [firefox] › security.spec.ts:84:7 › Security - XSS Prevention & Safe Redirects › should validate affiliate links are safe 

    Error: browserType.launch: Executable doesn't exist at C:\Users\kin16\AppData\Local\ms-playwright\firefox-1509\firefox\firefox.exe
    ╔═════════════════════════════════════════════════════════════════════════╗
    ║ Looks like Playwright Test or Playwright was just installed or updated. ║
    ║ Please run the following command to download new browsers:              ║
    ║                                                                         ║
    ║     npx playwright install                                              ║
    ║                                                                         ║
    ║ <3 Playwright Team                                                      ║
    ╚═════════════════════════════════════════════════════════════════════════╝
]]>
</failure>
</testcase>
<testcase name="Security - XSS Prevention &amp; Safe Redirects › should prevent open redirect vulnerabilities" classname="security.spec.ts" time="0.003">
<failure message="security.spec.ts:115:7 should prevent open redirect vulnerabilities" type="FAILURE">
<![CDATA[  [firefox] › security.spec.ts:115:7 › Security - XSS Prevention & Safe Redirects › should prevent open redirect vulnerabilities 

    Error: browserType.launch: Executable doesn't exist at C:\Users\kin16\AppData\Local\ms-playwright\firefox-1509\firefox\firefox.exe
    ╔═════════════════════════════════════════════════════════════════════════╗
    ║ Looks like Playwright Test or Playwright was just installed or updated. ║
    ║ Please run the following command to download new browsers:              ║
    ║                                                                         ║
    ║     npx playwright install                                              ║
    ║                                                                         ║
    ║ <3 Playwright Team                                                      ║
    ╚═════════════════════════════════════════════════════════════════════════╝
]]>
</failure>
</testcase>
<testcase name="Security - XSS Prevention &amp; Safe Redirects › should validate video URL before opening" classname="security.spec.ts" time="0.004">
<failure message="security.spec.ts:123:7 should validate video URL before opening" type="FAILURE">
<![CDATA[  [firefox] › security.spec.ts:123:7 › Security - XSS Prevention & Safe Redirects › should validate video URL before opening 

    Error: browserType.launch: Executable doesn't exist at C:\Users\kin16\AppData\Local\ms-playwright\firefox-1509\firefox\firefox.exe
    ╔═════════════════════════════════════════════════════════════════════════╗
    ║ Looks like Playwright Test or Playwright was just installed or updated. ║
    ║ Please run the following command to download new browsers:              ║
    ║                                                                         ║
    ║     npx playwright install                                              ║
    ║                                                                         ║
    ║ <3 Playwright Team                                                      ║
    ╚═════════════════════════════════════════════════════════════════════════╝
]]>
</failure>
</testcase>
<testcase name="Security - XSS Prevention &amp; Safe Redirects › should prevent CSRF attacks" classname="security.spec.ts" time="0.004">
<failure message="security.spec.ts:152:7 should prevent CSRF attacks" type="FAILURE">
<![CDATA[  [firefox] › security.spec.ts:152:7 › Security - XSS Prevention & Safe Redirects › should prevent CSRF attacks 

    Error: browserType.launch: Executable doesn't exist at C:\Users\kin16\AppData\Local\ms-playwright\firefox-1509\firefox\firefox.exe
    ╔═════════════════════════════════════════════════════════════════════════╗
    ║ Looks like Playwright Test or Playwright was just installed or updated. ║
    ║ Please run the following command to download new browsers:              ║
    ║                                                                         ║
    ║     npx playwright install                                              ║
    ║                                                                         ║
    ║ <3 Playwright Team                                                      ║
    ╚═════════════════════════════════════════════════════════════════════════╝
]]>
</failure>
</testcase>
<testcase name="Security - XSS Prevention &amp; Safe Redirects › should not expose sensitive data in URLs" classname="security.spec.ts" time="0.003">
<failure message="security.spec.ts:168:7 should not expose sensitive data in URLs" type="FAILURE">
<![CDATA[  [firefox] › security.spec.ts:168:7 › Security - XSS Prevention & Safe Redirects › should not expose sensitive data in URLs 

    Error: browserType.launch: Executable doesn't exist at C:\Users\kin16\AppData\Local\ms-playwright\firefox-1509\firefox\firefox.exe
    ╔═════════════════════════════════════════════════════════════════════════╗
    ║ Looks like Playwright Test or Playwright was just installed or updated. ║
    ║ Please run the following command to download new browsers:              ║
    ║                                                                         ║
    ║     npx playwright install                                              ║
    ║                                                                         ║
    ║ <3 Playwright Team                                                      ║
    ╚═════════════════════════════════════════════════════════════════════════╝
]]>
</failure>
</testcase>
<testcase name="Security - XSS Prevention &amp; Safe Redirects › should not expose sensitive data in page source" classname="security.spec.ts" time="0.003">
<failure message="security.spec.ts:180:7 should not expose sensitive data in page source" type="FAILURE">
<![CDATA[  [firefox] › security.spec.ts:180:7 › Security - XSS Prevention & Safe Redirects › should not expose sensitive data in page source 

    Error: browserType.launch: Executable doesn't exist at C:\Users\kin16\AppData\Local\ms-playwright\firefox-1509\firefox\firefox.exe
    ╔═════════════════════════════════════════════════════════════════════════╗
    ║ Looks like Playwright Test or Playwright was just installed or updated. ║
    ║ Please run the following command to download new browsers:              ║
    ║                                                                         ║
    ║     npx playwright install                                              ║
    ║                                                                         ║
    ║ <3 Playwright Team                                                      ║
    ╚═════════════════════════════════════════════════════════════════════════╝
]]>
</failure>
</testcase>
<testcase name="Security - XSS Prevention &amp; Safe Redirects › should have Content Security Policy headers" classname="security.spec.ts" time="0.009">
<failure message="security.spec.ts:198:7 should have Content Security Policy headers" type="FAILURE">
<![CDATA[  [firefox] › security.spec.ts:198:7 › Security - XSS Prevention & Safe Redirects › should have Content Security Policy headers 

    Error: browserType.launch: Executable doesn't exist at C:\Users\kin16\AppData\Local\ms-playwright\firefox-1509\firefox\firefox.exe
    ╔═════════════════════════════════════════════════════════════════════════╗
    ║ Looks like Playwright Test or Playwright was just installed or updated. ║
    ║ Please run the following command to download new browsers:              ║
    ║                                                                         ║
    ║     npx playwright install                                              ║
    ║                                                                         ║
    ║ <3 Playwright Team                                                      ║
    ╚═════════════════════════════════════════════════════════════════════════╝
]]>
</failure>
</testcase>
<testcase name="Security - XSS Prevention &amp; Safe Redirects › should have X-Frame-Options header" classname="security.spec.ts" time="0.003">
<failure message="security.spec.ts:206:7 should have X-Frame-Options header" type="FAILURE">
<![CDATA[  [firefox] › security.spec.ts:206:7 › Security - XSS Prevention & Safe Redirects › should have X-Frame-Options header 

    Error: browserType.launch: Executable doesn't exist at C:\Users\kin16\AppData\Local\ms-playwright\firefox-1509\firefox\firefox.exe
    ╔═════════════════════════════════════════════════════════════════════════╗
    ║ Looks like Playwright Test or Playwright was just installed or updated. ║
    ║ Please run the following command to download new browsers:              ║
    ║                                                                         ║
    ║     npx playwright install                                              ║
    ║                                                                         ║
    ║ <3 Playwright Team                                                      ║
    ╚═════════════════════════════════════════════════════════════════════════╝
]]>
</failure>
</testcase>
<testcase name="Security - XSS Prevention &amp; Safe Redirects › should have X-Content-Type-Options header" classname="security.spec.ts" time="0.003">
<failure message="security.spec.ts:216:7 should have X-Content-Type-Options header" type="FAILURE">
<![CDATA[  [firefox] › security.spec.ts:216:7 › Security - XSS Prevention & Safe Redirects › should have X-Content-Type-Options header 

    Error: browserType.launch: Executable doesn't exist at C:\Users\kin16\AppData\Local\ms-playwright\firefox-1509\firefox\firefox.exe
    ╔═════════════════════════════════════════════════════════════════════════╗
    ║ Looks like Playwright Test or Playwright was just installed or updated. ║
    ║ Please run the following command to download new browsers:              ║
    ║                                                                         ║
    ║     npx playwright install                                              ║
    ║                                                                         ║
    ║ <3 Playwright Team                                                      ║
    ╚═════════════════════════════════════════════════════════════════════════╝
]]>
</failure>
</testcase>
<testcase name="Security - XSS Prevention &amp; Safe Redirects › should not allow inline scripts" classname="security.spec.ts" time="0.005">
<failure message="security.spec.ts:226:7 should not allow inline scripts" type="FAILURE">
<![CDATA[  [firefox] › security.spec.ts:226:7 › Security - XSS Prevention & Safe Redirects › should not allow inline scripts 

    Error: browserType.launch: Executable doesn't exist at C:\Users\kin16\AppData\Local\ms-playwright\firefox-1509\firefox\firefox.exe
    ╔═════════════════════════════════════════════════════════════════════════╗
    ║ Looks like Playwright Test or Playwright was just installed or updated. ║
    ║ Please run the following command to download new browsers:              ║
    ║                                                                         ║
    ║     npx playwright install                                              ║
    ║                                                                         ║
    ║ <3 Playwright Team                                                      ║
    ╚═════════════════════════════════════════════════════════════════════════╝
]]>
</failure>
</testcase>
<testcase name="Security - XSS Prevention &amp; Safe Redirects › should validate form inputs" classname="security.spec.ts" time="0.003">
<failure message="security.spec.ts:237:7 should validate form inputs" type="FAILURE">
<![CDATA[  [firefox] › security.spec.ts:237:7 › Security - XSS Prevention & Safe Redirects › should validate form inputs 

    Error: browserType.launch: Executable doesn't exist at C:\Users\kin16\AppData\Local\ms-playwright\firefox-1509\firefox\firefox.exe
    ╔═════════════════════════════════════════════════════════════════════════╗
    ║ Looks like Playwright Test or Playwright was just installed or updated. ║
    ║ Please run the following command to download new browsers:              ║
    ║                                                                         ║
    ║     npx playwright install                                              ║
    ║                                                                         ║
    ║ <3 Playwright Team                                                      ║
    ╚═════════════════════════════════════════════════════════════════════════╝
]]>
</failure>
</testcase>
<testcase name="Security - XSS Prevention &amp; Safe Redirects › should sanitize error messages" classname="security.spec.ts" time="0.001">
<failure message="security.spec.ts:256:7 should sanitize error messages" type="FAILURE">
<![CDATA[  [firefox] › security.spec.ts:256:7 › Security - XSS Prevention & Safe Redirects › should sanitize error messages 

    Error: browserType.launch: Executable doesn't exist at C:\Users\kin16\AppData\Local\ms-playwright\firefox-1509\firefox\firefox.exe
    ╔═════════════════════════════════════════════════════════════════════════╗
    ║ Looks like Playwright Test or Playwright was just installed or updated. ║
    ║ Please run the following command to download new browsers:              ║
    ║                                                                         ║
    ║     npx playwright install                                              ║
    ║                                                                         ║
    ║ <3 Playwright Team                                                      ║
    ╚═════════════════════════════════════════════════════════════════════════╝
]]>
</failure>
</testcase>
<testcase name="Security - XSS Prevention &amp; Safe Redirects › should prevent clickjacking attacks" classname="security.spec.ts" time="0.001">
<failure message="security.spec.ts:284:7 should prevent clickjacking attacks" type="FAILURE">
<![CDATA[  [firefox] › security.spec.ts:284:7 › Security - XSS Prevention & Safe Redirects › should prevent clickjacking attacks 

    Error: browserType.launch: Executable doesn't exist at C:\Users\kin16\AppData\Local\ms-playwright\firefox-1509\firefox\firefox.exe
    ╔═════════════════════════════════════════════════════════════════════════╗
    ║ Looks like Playwright Test or Playwright was just installed or updated. ║
    ║ Please run the following command to download new browsers:              ║
    ║                                                                         ║
    ║     npx playwright install                                              ║
    ║                                                                         ║
    ║ <3 Playwright Team                                                      ║
    ╚═════════════════════════════════════════════════════════════════════════╝
]]>
</failure>
</testcase>
<testcase name="Security - XSS Prevention &amp; Safe Redirects › should use HTTPS for all external resources" classname="security.spec.ts" time="0.001">
<failure message="security.spec.ts:296:7 should use HTTPS for all external resources" type="FAILURE">
<![CDATA[  [firefox] › security.spec.ts:296:7 › Security - XSS Prevention & Safe Redirects › should use HTTPS for all external resources 

    Error: browserType.launch: Executable doesn't exist at C:\Users\kin16\AppData\Local\ms-playwright\firefox-1509\firefox\firefox.exe
    ╔═════════════════════════════════════════════════════════════════════════╗
    ║ Looks like Playwright Test or Playwright was just installed or updated. ║
    ║ Please run the following command to download new browsers:              ║
    ║                                                                         ║
    ║     npx playwright install                                              ║
    ║                                                                         ║
    ║ <3 Playwright Team                                                      ║
    ╚═════════════════════════════════════════════════════════════════════════╝
]]>
</failure>
</testcase>
<testcase name="Security - XSS Prevention &amp; Safe Redirects › should validate redirect URLs" classname="security.spec.ts" time="0.002">
<failure message="security.spec.ts:311:7 should validate redirect URLs" type="FAILURE">
<![CDATA[  [firefox] › security.spec.ts:311:7 › Security - XSS Prevention & Safe Redirects › should validate redirect URLs 

    Error: browserType.launch: Executable doesn't exist at C:\Users\kin16\AppData\Local\ms-playwright\firefox-1509\firefox\firefox.exe
    ╔═════════════════════════════════════════════════════════════════════════╗
    ║ Looks like Playwright Test or Playwright was just installed or updated. ║
    ║ Please run the following command to download new browsers:              ║
    ║                                                                         ║
    ║     npx playwright install                                              ║
    ║                                                                         ║
    ║ <3 Playwright Team                                                      ║
    ╚═════════════════════════════════════════════════════════════════════════╝
]]>
</failure>
</testcase>
</testsuite>
</testsuites>